<?xml version="1.0" encoding="UTF-8"?>
<testsuite xmlns:xsi="http://www.w3.org/2001/XMLSchema-instance" xsi:noNamespaceSchemaLocation="https://maven.apache.org/surefire/maven-surefire-plugin/xsd/surefire-test-report.xsd" name="TestSuite" time="151.402" tests="4" errors="0" skipped="0" failures="0">
  <properties>
[...]
</properties>
  <testcase name="testOneForBookshelves" classname="testClasses.GetBookshelves" time="46.774"/>
  <testcase name="getHomeListItems_one" classname="testClasses.GetHomeItems" time="22.1"/>
  <testcase name="testForStudyChairs" classname="testClasses.GetStudyChair" time="32.363"/>
  <testcase name="testForGiftCards" classname="testClasses.GiftCard" time="48.668"/>
</testsuite>