<?xml version="1.0" encoding="UTF-8"?>
<!-- Generated by org.testng.reporters.JUnitXMLReporter -->
<testsuite ignored="2" hostname="LAPTOP-40A9UGQV" failures="0" tests="4" name="exicuteTestCases" time="150.56" errors="0" timestamp="2021-03-25T13:08:27 IST">
  <testcase classname="testClasses.GetBookshelves" name="testOneForBookshelves" time="46.771"/>
  <testcase classname="testClasses.GetHomeItems" name="getHomeListItems_one" time="22.101"/>
  <testcase classname="testClasses.GetStudyChair" name="testForStudyChairs" time="32.363"/>
  <testcase classname="testClasses.GiftCard" name="testForGiftCards" time="48.667"/>
  <testcase classname="base.BaseUI" name="@AfterTest endReport" time="0.0">
    <ignored/>
  </testcase> <!-- @AfterTest endReport -->
  <testcase classname="base.BaseUI" name="@AfterTest endReport" time="0.0">
    <ignored/>
  </testcase> <!-- @AfterTest endReport -->
</testsuite> <!-- exicuteTestCases -->
